0:100  0:100  MemLog inited, TSC freq: 2705868140
0:100  0:000  CPU was calibrated with RTC
0:100  0:000  
0:100  0:000  Now is 2.7.2018,  4:46:23 (GMT)
0:100  0:000  Starting Clover revision: 4411 on HUAWEI EFI
0:100  0:000  Build with: [Args: -D NO_GRUB_DRIVERS_EMBEDDED -t XCODE8 | -D NO_GRUB_DRIVERS_EMBEDDED -D USE_LOW_EBDA -a X64 -b RELEASE -t XCODE8 -n 5 | OS: 10.12.6 | XCODE: 9.2]
0:100  0:000  SelfDevicePath=PciRoot(0x0)\Pci(0x17,0x0)\Sata(0x1,0x0,0x0)\HD(1,GPT,3A770083-E405-429B-81B3-102DD4EC5B58,0x800,0x7D000) @6FEB5DD8
0:100  0:000  SelfDirPath = \EFI\CLOVER
0:100  0:000  === [ Get Smbios ] ========================================
0:105  0:004  Type 16 Index = 0
0:105  0:000  Total Memory Slots Count = 2
0:105  0:000  Type 17 Index = 0
0:105  0:000  SmbiosTable.Type17->Speed = 2133MHz
0:105  0:000  SmbiosTable.Type17->Size = 4096MB
0:105  0:000  SmbiosTable.Type17->Bank/Device = BANK 0 ChannelA-DIMM0
0:105  0:000  SmbiosTable.Type17->Vendor = SK Hynix
0:105  0:000  SmbiosTable.Type17->SerialNumber = 41F68888
0:105  0:000  SmbiosTable.Type17->PartNumber = HMA851S6AFR6N-UH    
0:105  0:000  Type 17 Index = 1
0:105  0:000  SmbiosTable.Type17->Speed = 2133MHz
0:105  0:000  SmbiosTable.Type17->Size = 4096MB
0:105  0:000  SmbiosTable.Type17->Bank/Device = BANK 2 ChannelB-DIMM0
0:105  0:000  SmbiosTable.Type17->Vendor = SK Hynix
0:105  0:000  SmbiosTable.Type17->SerialNumber = 29360543
0:105  0:000  SmbiosTable.Type17->PartNumber = HMA851S6AFR6N-UH    
0:105  0:000  Boot status=0
0:105  0:000  Running on: 'HUAWEI MateBook D' with board 'HUAWEI MateBook D'
0:105  0:000  === [ GetCPUProperties ] ==================================
0:105  0:000  CPU Vendor = 756E6547 Model=806E9
0:105  0:000   The CPU supported SSE4.1
0:105  0:000  BrandString = Intel(R) Core(TM) i5-7200U CPU @ 2.50GHz
0:105  0:000   The CPU supported turbo
0:105  0:000  MSR 0x35               20004
0:105  0:000   TSC/CCC Information Leaf:
0:105  0:000    numerator     : 226
0:105  0:000    denominator   : 2
0:105  0:000   Calibrated ARTFrequency: 23945735
0:105  0:000  MSR 0xE2 before patch 7E008008
0:105  0:000  MSR 0xE2 is locked, PM patches will be turned on
0:105  0:000  MSR 0xCE              0004043D_F1011B00
0:105  0:000  corrected FLEX_RATIO = 0
0:105  0:000  MSR 0x1B0             00000000
0:105  0:000  FSBFrequency = 93 MHz, DMI FSBFrequency = 100 MHz, Corrected FSBFrequency = 100 MHz
0:105  0:000  MaxDiv/MinDiv: 27.0/4
0:105  0:000  Turbo: 31/31/31/31
0:105  0:000  Features: 0xBFEBFBFF
0:105  0:000  Threads: 4
0:105  0:000  Cores: 2
0:105  0:000  FSB: 100 MHz
0:105  0:000  CPU: 2500 MHz
0:105  0:000  TSC: 2500 MHz
0:105  0:000  PIS: 100 MHz
0:105  0:000  ExternalClock: 25 MHz
0:105  0:000  === [ GetDevices ] ========================================
0:105  0:000  PCI (00|00:00.00) : 8086 5904 class=060000
0:105  0:000  PCI (00|00:02.00) : 8086 5916 class=030000
0:105  0:000   - GFX: Model=Intel HD Graphics 620 (Intel)
0:105  0:000  PCI (00|00:04.00) : 8086 1903 class=118000
0:105  0:000  PCI (00|00:08.00) : 8086 1911 class=088000
0:105  0:000  PCI (00|00:14.00) : 8086 9D2F class=0C0330
0:105  0:000  PCI (00|00:14.02) : 8086 9D31 class=118000
0:105  0:000  PCI (00|00:15.00) : 8086 9D60 class=118000
0:105  0:000  PCI (00|00:15.01) : 8086 9D61 class=118000
0:105  0:000  PCI (00|00:16.00) : 8086 9D3A class=078000
0:105  0:000  PCI (00|00:17.00) : 8086 9D03 class=010601
0:105  0:000  PCI (00|00:1C.00) : 8086 9D10 class=060400
0:105  0:000  PCI (00|01:00.00) : 10DE 134D class=030200
0:105  0:000  PCI (00|00:1D.00) : 8086 9D18 class=060400
0:105  0:000  PCI (00|02:00.00) : 8086 24FD class=028000
0:105  0:000   - WIFI: Vendor=Intel
0:105  0:000  PCI (00|00:1F.00) : 8086 9D4E class=060100
0:105  0:000  PCI (00|00:1F.02) : 8086 9D21 class=058000
0:105  0:000  PCI (00|00:1F.03) : 8086 9D71 class=040300
0:105  0:000  PCI (00|00:1F.04) : 8086 9D23 class=0C0500
0:105  0:000  === [ GetDefaultSettings ] ================================
0:105  0:000  Clover load options size = 0 bytes
0:110  0:004  EFI\CLOVER\config.plist loaded: Success
0:115  0:005  === [ GetListOfThemes ] ===================================
0:116  0:000  - [00]: Beauty
0:117  0:000  - [01]: black_green
0:117  0:000  - [02]: embedded
0:118  0:000  - [02]: metal
0:119  0:001  - [03]: Metro
0:119  0:000  - [04]: random
0:120  0:000  - [04]: SimpleThemeDark
0:121  0:001  - [05]: tonymacx86
0:123  0:001  === [ Found config plists ] ===============================
0:123  0:000  - config.plist
0:123  0:000  - config_old.plist
0:123  0:000  === [ GetEarlyUserSettings ] ==============================
0:123  0:000  timeout set to 10
0:123  0:000  Custom boot CUSTOM_BOOT_DISABLED (0x0)
0:123  0:000  FakeCPUID: 906E9
0:123  0:000  ForceKextsToLoad: 1 requested
0:123  0:000   - [0]: System\Library\Extensions\IONetworkingFamily.kext
0:123  0:000  KextsToPatch: 6 requested
0:123  0:000   - [00]: com.apple.driver.AppleUSBXHCI (Enable PCI power management if there is no such code in DSDT, 10.9.*, 10.10.* (credit Zenith432)) :: BinPatch :: data len: 9
0:123  0:000   - [01]: com.apple.iokit.IOAHCIBlockStorage (Enable TRIM for SSD) :: BinPatch :: data len: 11
0:123  0:000   - [02]: com.apple.driver.AppleIntelSKLGraphicsFramebuffer (0x19160000/etc, 32MB BIOS, 19MB framebuffer 9MB cursor bytes (credit RehabMan)) :: BinPatch :: data len: 8
0:123  0:000   - [03]: com.apple.driver.AppleIntelSKLGraphicsFramebuffer (HDMI Audio补丁) :: BinPatch :: data len: 48
0:123  0:000   - [04]: com.apple.driver.AppleIntelSKLGraphicsFramebuffer (1536MB->2048MB) :: BinPatch :: data len: 16
0:123  0:000   - [05]: com.apple.driver.AppleBacklight (change F%uT%04x to F%uTxxxx in AppleBacklightInjector.kext (credit RehabMan)) :: BinPatch :: data len: 9
0:123  0:000   - patch disabled at config
0:123  0:000  KernelToPatch: 1 requested
0:123  0:000   - [00]: MSR 0xE2 _xcpm_idle instant reboot(c) Pike R. Alpha :: data len: 8
0:123  0:000  Default theme: SimpleThemeDark
0:123  0:000  Hiding entries with string Preboot
0:123  0:000  Hiding entries with string Windows
0:123  0:000  Hiding entries with string BOOTX64.EFI
0:123  0:000  Hiding entries with string cdboot.efi
0:123  0:000  Hiding entries with string bootmgr.efi
0:123  0:000  Hiding entries with string Recovery Image
0:123  0:000  Hiding entries with string Windows RE tools
0:123  0:000  === [ LoadDrivers ] =======================================
0:124  0:000  Loading apfs.efi  status=Success
0:126  0:002   - driver needs connecting
0:126  0:000  Loading AppleImageCodec-64.efi  status=Success
0:127  0:000  Loading AppleKeyAggregator-64.efi  status=Success
0:127  0:000  Loading AppleUITheme-64.efi  status=Success
0:127  0:000  Loading DataHubDxe-64.efi  status=Success
0:128  0:000  Loading FirmwareVolume-64.efi  status=Success
0:128  0:000  Loading FSInject-64.efi  status=Success
0:128  0:000  Loading HFSPlus.efi  status=Success
0:129  0:000   - driver needs connecting
0:129  0:000  Loading NvmExpressDxe-64.efi  status=Success
0:129  0:000   - driver needs connecting
0:129  0:000  Loading OsxAptioFix2Drv-64.efi  status=Success
0:129  0:000  Loading OsxFatBinaryDrv-64.efi  status=Success
0:130  0:000  Loading SMCHelper-64.efi  status=Success
0:130  0:000  3 drivers needs connecting ...
0:130  0:000  PlatformDriverOverrideProtocol->GetDriver overriden
0:130  0:000  HFS+ driver loaded
0:130  0:000  APFS driver loaded
0:130  0:000  Searching for invalid DiskIo BY_DRIVER connects: not found, all ok
0:473  0:343  === [ InitScreen ] ========================================
0:473  0:000  SetMaxResolution: found best mode 0: 1920x1080
0:473  0:000   - already set
0:473  0:000  Console modes reported: 7, available modes:
0:473  0:000   - [01]: 80x25
0:473  0:000   - [02]: 80x50
0:473  0:000   - [03]: 80x25
0:473  0:000   - [04]: 240x56 (current mode)
0:473  0:000   - [05]: 100x31
0:473  0:000   - [06]: 128x40
0:473  0:000   - [07]: 160x53
0:473  0:000  SetScreenResolution: 1920x1080 - already set
0:473  0:000  reinit: self device path=PciRoot(0x0)\Pci(0x17,0x0)\Sata(0x1,0x0,0x0)\HD(1,GPT,3A770083-E405-429B-81B3-102DD4EC5B58,0x800,0x7D000)
0:474  0:000  Using embedded font: Success
0:475  0:000  === [ GetMacAddress ] =====================================
0:475  0:000  === [ ScanSPD ] ===========================================
0:475  0:000  SMBus device : 8086 9D23 class=0C0500 status=Success
0:475  0:000  SMBus CmdReg: 0x3
0:475  0:000  Scanning SMBus [8086:9D23], mmio: 0xA4138004, ioport: 0x4040, hostc: 0x11
0:475  0:000  Slots to scan [8]...
0:476  0:000  SPD[0]: Type 12 @0x50
0:494  0:017  DDR speed 2400MHz
0:494  0:000  Slot: 0 Type 26 4096MB 2400MHz Vendor=SK Hynix PartNo=HMA851S6AFR6N-UH SerialNo=04010F0608080808
0:494  0:000  SPD[2]: Type 12 @0x52
0:512  0:017  DDR speed 2400MHz
0:512  0:000  Slot: 2 Type 26 4096MB 2400MHz Vendor=SK Hynix PartNo=HMA851S6AFR6N-UH SerialNo=0209030600050403
0:513  0:000  === [ GetAcpiTablesList ] =================================
0:523  0:009  Get Acpi Tables List from RSDT:
0:523  0:000   - [00]: FACP  KBL-ULT  len=268
0:523  0:000   - [01]: UEFI  KBL-ULT  len=566
0:523  0:000   - [02]: UEFI  KBL-ULT  len=66
0:523  0:000   - [03]: SSDT  KBL-ULT  len=2283
0:523  0:000   - [04]: MSDM  KBL-ULT  len=85
0:523  0:000   - [05]: SSDT  KBL-ULT  len=12563
0:523  0:000   - [06]: SSDT  KBL-ULT  len=48538
0:523  0:000   - [07]: ASF!  KBL-ULT  len=165
0:523  0:000   - [08]: ASPT  KBL-ULT  len=52
0:523  0:000   - [09]: BOOT  KBL-ULT  len=40
0:523  0:000   - [10]: DBGP  KBL-ULT  len=52
0:523  0:000   - [11]: HPET  KBL-ULT  len=56
0:523  0:000   - [12]: APIC  KBL-ULT  len=188
0:523  0:000   - [13]: MCFG  KBL-ULT  len=60
0:523  0:000   - [14]: SSDT  KBL-ULT  len=3806
0:523  0:000   - [15]: SSDT  KBL-ULT  len=13971
0:523  0:000   - [16]: DMAR  KBL-ULT  len=240
0:523  0:000   - [17]: FPDT  KBL-ULT  len=68
0:523  0:000   - [18]: BGRT  KBL-ULT  len=56
0:523  0:000  Calibrated TSC Frequency = 2705868140 = 2705MHz
0:523  0:000  === [ GetUserSettings ] ===================================
0:523  0:000  Add 3 properties:
0:523  0:000   - [00]: NVidia, len: 9
0:523  0:000   - [01]: NVidia, len: 9
0:523  0:000   - [02]: NVidia, len: 4
0:523  0:000  USB FixOwnership: yes
0:523  0:000  Dropping 11 tables:
0:523  0:000   - [00]: Drop table  signature="BGRT" (54524742)
0:523  0:000           - set table: 54524742,                0 to drop: yes
0:523  0:000   - [01]: Drop table  signature="DBG2" (32474244)
0:523  0:000           - set table: 32474244,                0 to drop: no
0:523  0:000   - [02]: Drop table  signature="DBGP" (50474244)
0:523  0:000           - set table: 50474244,                0 to drop: yes
0:523  0:000   - [03]: Drop table  signature="DMAR" (52414D44)
0:523  0:000           - set table: 52414D44,                0 to drop: yes
0:523  0:000   - [04]: Drop table  signature="FACP" (50434146)
0:523  0:000           - set table: 50434146,                0 to drop: yes
0:523  0:000   - [05]: Drop table  signature="FIDT" (54444946)
0:523  0:000           - set table: 54444946,                0 to drop: no
0:523  0:000   - [06]: Drop table  signature="FPDT" (54445046)
0:523  0:000           - set table: 54445046,                0 to drop: yes
0:523  0:000   - [07]: Drop table  signature="LPIT" (5449504C)
0:523  0:000           - set table: 5449504C,                0 to drop: no
0:523  0:000   - [08]: Drop table  signature="MCFG" (4746434D)
0:523  0:000           - set table: 4746434D,                0 to drop: yes
0:523  0:000   - [09]: Drop table  signature="SLIC" (43494C53)
0:523  0:000           - set table: 43494C53,                0 to drop: no
0:523  0:000   - [10]: Drop table  signature="RSDT" (54445352)
0:523  0:000           - set table: 54445352,                0 to drop: no
0:523  0:000   - final DSDT Fix mask=00000000
0:523  0:000  PatchesDSDT: 14 requested
0:523  0:000   - [00]: (change XHCI to XHC) lenToFind: 4, lenToReplace: 4, Target Bridge: <null string>
0:523  0:000   - [01]: (change H_EC to EC) lenToFind: 4, lenToReplace: 4, Target Bridge: <null string>
0:523  0:000   - [02]: (change EC0 to EC) lenToFind: 4, lenToReplace: 4, Target Bridge: <null string>
0:523  0:000   - [03]: (change _DSM to XSDM) lenToFind: 4, lenToReplace: 4, Target Bridge: <null string>
0:523  0:000   - [04]: (change OSID to IDOS) lenToFind: 4, lenToReplace: 4, Target Bridge: <null string>
0:523  0:000   - [05]: (change _OSI to XOSI) lenToFind: 4, lenToReplace: 4, Target Bridge: <null string>
0:523  0:000   - [06]: (change HDAS to HDEF) lenToFind: 4, lenToReplace: 4, Target Bridge: <null string>
0:523  0:000   - [07]: (change HECI to IMEI) lenToFind: 4, lenToReplace: 4, Target Bridge: <null string>
0:523  0:000   - [08]: (change SAT0 to SATA) lenToFind: 4, lenToReplace: 4, Target Bridge: <null string>
0:523  0:000   - [09]: (change MEI to IMEI) lenToFind: 4, lenToReplace: 4, Target Bridge: <null string>
0:523  0:000   - [10]: (change GFX0 to IGPU) lenToFind: 4, lenToReplace: 4, Target Bridge: <null string>
0:523  0:000   - [11]: (change PCI0.VID to IGPU #1 (Thinkpad)) lenToFind: 8, lenToReplace: 8, Target Bridge: <null string>
0:523  0:000   - [12]: (change PCI0.VID to IGPU #2 (Thinkpad)) lenToFind: 14, lenToReplace: 14, Target Bridge: <null string>
0:523  0:000   - [13]: (change Method(GPRW,2,N) to XPRW, pair with SSDT-PRW.aml) lenToFind: 5, lenToReplace: 5, Target Bridge: <null string>
0:523  0:000  Using ProductName from config: MacBookPro14,2
0:523  0:000  Using latest BiosVersion from clover
0:523  0:000  BiosVersion: MBP142.88Z.0169.B00.1712141501
0:523  0:000  BiosReleaseDate: 12/14/2017
0:523  0:000  Using FirmwareFeatures from config: 0xFC0FE136
0:523  0:000  Using FirmwareFeaturesMask from config: 0xFF1FFF3F
0:523  0:000  Board-ID set from config as Mac-CAD6701F7CEA0921
0:523  0:000  BoardType: 0xA
0:523  0:000  ChassisType: 0x9
1:087  0:563  === [ ScanVolumes ] =======================================
1:087  0:000  Found 17 volumes with blockIO
1:087  0:000  - [00]: Volume: PciRoot(0x0)\Pci(0x17,0x0)\Sata(0x1,0x0,0x0)
1:088  0:000  - [01]: Volume: PciRoot(0x0)\Pci(0x17,0x0)\Sata(0x2,0x0,0x0)
1:091  0:003  - [02]: Volume: PciRoot(0x0)\Pci(0x17,0x0)\Sata(0x1,0x0,0x0)\HD(1,GPT,3A770083-E405-429B-81B3-102DD4EC5B58,0x800,0x7D000)
1:091  0:000          Result of bootcode detection: bootable Windows (vista,win)
1:091  0:000          This is SelfVolume !!
1:091  0:000  - [03]: Volume: PciRoot(0x0)\Pci(0x17,0x0)\Sata(0x1,0x0,0x0)\HD(2,GPT,A409F138-2D40-4F1C-8036-ECB21CE5859E,0x7D800,0x40000)
1:092  0:000  - [04]: Volume: PciRoot(0x0)\Pci(0x17,0x0)\Sata(0x1,0x0,0x0)\HD(3,GPT,E212CE85-D706-46C5-A925-E4D93A30C61D,0xBD800,0x1666F16B)
1:092  0:000          Result of bootcode detection: bootable Windows (vista,win)
1:092  0:000  - [05]: Volume: PciRoot(0x0)\Pci(0x17,0x0)\Sata(0x1,0x0,0x0)\HD(4,GPT,CE7FB5D8-096E-4C53-800C-BB036AD83E74,0x1672D000,0x190000)
1:092  0:000          Result of bootcode detection: bootable Windows (vista,win)
1:092  0:000  - [06]: Volume: PciRoot(0x0)\Pci(0x17,0x0)\Sata(0x1,0x0,0x0)\HD(5,GPT,58B85B03-8391-41D7-B998-671A0E7FFFA7,0x168BD800,0x7435A88)
1:092  0:000          Result of bootcode detection: bootable unknown (legacy)
1:092  0:000  - [07]: Volume: PciRoot(0x0)\Pci(0x17,0x0)\Sata(0x2,0x0,0x0)\HD(1,GPT,8173D5BF-0913-45B0-95C4-89E3C477D9A3,0x800,0x32000)
1:209  0:116          Result of bootcode detection: bootable Windows (vista,win)
1:209  0:000  - [08]: Volume: PciRoot(0x0)\Pci(0x17,0x0)\Sata(0x2,0x0,0x0)\HD(2,GPT,21FC8319-0DC9-41F2-997F-1934ADD29E14,0x32800,0x8000)
1:209  0:000  - [09]: Volume: PciRoot(0x0)\Pci(0x17,0x0)\Sata(0x2,0x0,0x0)\HD(3,GPT,568C96F9-7A41-4244-B4AB-101E3B918FC0,0x3A800,0x37D4B800)
1:210  0:000          Result of bootcode detection: bootable Windows (vista,win)
1:210  0:000  - [10]: Volume: PciRoot(0x0)\Pci(0x17,0x0)\Sata(0x2,0x0,0x0)\HD(4,GPT,9786708A-8C87-44F8-BDD6-6F82CAF04CB1,0x37D86000,0x100000)
1:246  0:036          Result of bootcode detection: bootable Windows (vista,win)
1:258  0:012  - [11]: Volume: PciRoot(0x0)\Pci(0x17,0x0)\Sata(0x2,0x0,0x0)\HD(5,GPT,5F869B3D-5766-4D06-8F1E-8D654759A9AE,0x37E86000,0x2300000)
1:258  0:000          Result of bootcode detection: bootable Windows (vista,win)
1:258  0:000  - [12]: Volume: PciRoot(0x0)\Pci(0x17,0x0)\Sata(0x2,0x0,0x0)\HD(6,GPT,3381913E-CEAC-420D-B3E0-0D2E50CE13F9,0x3A186000,0x200000)
1:259  0:000          Result of bootcode detection: bootable Windows (vista,win)
1:259  0:000  - [13]: Volume: PciRoot(0x0)\Pci(0x17,0x0)\Sata(0x1,0x0,0x0)\HD(5,GPT,58B85B03-8391-41D7-B998-671A0E7FFFA7,0x168BD800,0x7435A88)\VenMedia(BE74FCF7-0B7C-49F3-9147-01F4042E6842,6390DC9CEE287348ABD86C41C5227EC2)
1:259  0:000          hiding this volume
1:259  0:000  - [14]: Volume: PciRoot(0x0)\Pci(0x17,0x0)\Sata(0x1,0x0,0x0)\HD(5,GPT,58B85B03-8391-41D7-B998-671A0E7FFFA7,0x168BD800,0x7435A88)\VenMedia(BE74FCF7-0B7C-49F3-9147-01F4042E6842,F348739ACB33A8478F8CB1D30661E3D6)
1:259  0:000  - [15]: Volume: PciRoot(0x0)\Pci(0x17,0x0)\Sata(0x1,0x0,0x0)\HD(5,GPT,58B85B03-8391-41D7-B998-671A0E7FFFA7,0x168BD800,0x7435A88)\VenMedia(BE74FCF7-0B7C-49F3-9147-01F4042E6842,33903EAF66ECD5418CDD475D266D4DE4)
1:259  0:000  - [16]: Volume: PciRoot(0x0)\Pci(0x17,0x0)\Sata(0x1,0x0,0x0)\HD(5,GPT,58B85B03-8391-41D7-B998-671A0E7FFFA7,0x168BD800,0x7435A88)\VenMedia(BE74FCF7-0B7C-49F3-9147-01F4042E6842,0E914ACB87AE444DAAF0A18A53CDDEE9)
1:259  0:000  === [ InitTheme ] =========================================
1:266  0:006  Using theme 'SimpleThemeDark' (EFI\CLOVER\themes\SimpleThemeDark)
1:266  0:000  OS main and drive as badge
1:268  0:002  Loading font from ThemeDir: Success
1:269  0:000  Choosing theme SimpleThemeDark
1:269  0:000  after NVRAM boot-args=dart=0 darkwake=0
1:269  0:000  === [ Dump SMC keys from NVRAM ] ==========================
1:269  0:000  found AppleSMC protocol
1:290  0:020  Registered 17 SMC keys
1:290  0:000  === [ AddCustomEntries ] ==================================
1:290  0:000  Custom entry 0 Title:"Grub2 UEFI" Path:"\EFI\BOOT\grubx64.efi" Type:4 Flags:0x0 matching all volumes
1:290  0:000      Checking volume "EFI" (PciRoot(0x0)\Pci(0x17,0x0)\Sata(0x1,0x0,0x0)\HD(1,GPT,3A770083-E405-429B-81B3-102DD4EC5B58,0x800,0x7D000)) ... skipped because path does not exist
1:290  0:000      Checking volume "SYSTEM" (PciRoot(0x0)\Pci(0x17,0x0)\Sata(0x2,0x0,0x0)\HD(1,GPT,8173D5BF-0913-45B0-95C4-89E3C477D9A3,0x800,0x32000)) ... skipped because path does not exist
1:290  0:000      Checking volume "WINPE" (PciRoot(0x0)\Pci(0x17,0x0)\Sata(0x2,0x0,0x0)\HD(4,GPT,9786708A-8C87-44F8-BDD6-6F82CAF04CB1,0x37D86000,0x100000)) ... skipped because path does not exist
1:299  0:009      Checking volume "Preboot" (PciRoot(0x0)\Pci(0x17,0x0)\Sata(0x1,0x0,0x0)\HD(5,GPT,58B85B03-8391-41D7-B998-671A0E7FFFA7,0x168BD800,0x7435A88)\VenMedia(BE74FCF7-0B7C-49F3-9147-01F4042E6842,6390DC9CEE287348ABD86C41C5227EC2)) ... skipped because volume is hidden
1:299  0:000      Checking volume "Macos" (PciRoot(0x0)\Pci(0x17,0x0)\Sata(0x1,0x0,0x0)\HD(5,GPT,58B85B03-8391-41D7-B998-671A0E7FFFA7,0x168BD800,0x7435A88)\VenMedia(BE74FCF7-0B7C-49F3-9147-01F4042E6842,F348739ACB33A8478F8CB1D30661E3D6)) ... skipped because path does not exist
1:300  0:000      Checking volume "Recovery" (PciRoot(0x0)\Pci(0x17,0x0)\Sata(0x1,0x0,0x0)\HD(5,GPT,58B85B03-8391-41D7-B998-671A0E7FFFA7,0x168BD800,0x7435A88)\VenMedia(BE74FCF7-0B7C-49F3-9147-01F4042E6842,33903EAF66ECD5418CDD475D266D4DE4)) ... skipped because path does not exist
1:300  0:000      Checking volume "VM" (PciRoot(0x0)\Pci(0x17,0x0)\Sata(0x1,0x0,0x0)\HD(5,GPT,58B85B03-8391-41D7-B998-671A0E7FFFA7,0x168BD800,0x7435A88)\VenMedia(BE74FCF7-0B7C-49F3-9147-01F4042E6842,0E914ACB87AE444DAAF0A18A53CDDEE9)) ... skipped because path does not exist
1:300  0:000  Custom entry 1 Title:"rEFInd" Path:"\EFI\refind\refind_x64.efi" Type:4 Flags:0x0 matching all volumes
1:300  0:000      Checking volume "EFI" (PciRoot(0x0)\Pci(0x17,0x0)\Sata(0x1,0x0,0x0)\HD(1,GPT,3A770083-E405-429B-81B3-102DD4EC5B58,0x800,0x7D000)) ... skipped because path does not exist
1:300  0:000      Checking volume "SYSTEM" (PciRoot(0x0)\Pci(0x17,0x0)\Sata(0x2,0x0,0x0)\HD(1,GPT,8173D5BF-0913-45B0-95C4-89E3C477D9A3,0x800,0x32000)) ... skipped because path does not exist
1:300  0:000      Checking volume "WINPE" (PciRoot(0x0)\Pci(0x17,0x0)\Sata(0x2,0x0,0x0)\HD(4,GPT,9786708A-8C87-44F8-BDD6-6F82CAF04CB1,0x37D86000,0x100000)) ... skipped because path does not exist
1:300  0:000      Checking volume "Preboot" (PciRoot(0x0)\Pci(0x17,0x0)\Sata(0x1,0x0,0x0)\HD(5,GPT,58B85B03-8391-41D7-B998-671A0E7FFFA7,0x168BD800,0x7435A88)\VenMedia(BE74FCF7-0B7C-49F3-9147-01F4042E6842,6390DC9CEE287348ABD86C41C5227EC2)) ... skipped because volume is hidden
1:300  0:000      Checking volume "Macos" (PciRoot(0x0)\Pci(0x17,0x0)\Sata(0x1,0x0,0x0)\HD(5,GPT,58B85B03-8391-41D7-B998-671A0E7FFFA7,0x168BD800,0x7435A88)\VenMedia(BE74FCF7-0B7C-49F3-9147-01F4042E6842,F348739ACB33A8478F8CB1D30661E3D6)) ... skipped because path does not exist
1:300  0:000      Checking volume "Recovery" (PciRoot(0x0)\Pci(0x17,0x0)\Sata(0x1,0x0,0x0)\HD(5,GPT,58B85B03-8391-41D7-B998-671A0E7FFFA7,0x168BD800,0x7435A88)\VenMedia(BE74FCF7-0B7C-49F3-9147-01F4042E6842,33903EAF66ECD5418CDD475D266D4DE4)) ... skipped because path does not exist
1:300  0:000      Checking volume "VM" (PciRoot(0x0)\Pci(0x17,0x0)\Sata(0x1,0x0,0x0)\HD(5,GPT,58B85B03-8391-41D7-B998-671A0E7FFFA7,0x168BD800,0x7435A88)\VenMedia(BE74FCF7-0B7C-49F3-9147-01F4042E6842,0E914ACB87AE444DAAF0A18A53CDDEE9)) ... skipped because path does not exist
1:300  0:000  Custom entry 2 skipped because it is hidden.
1:300  0:000  Custom entry 3 Title:"Windows" Path:"\EFI\Microsoft\Boot\bootmgfw.efi" Options:"-s -h" Type:7 Flags:0x0 matching all volumes
1:300  0:000      Checking volume "EFI" (PciRoot(0x0)\Pci(0x17,0x0)\Sata(0x1,0x0,0x0)\HD(1,GPT,3A770083-E405-429B-81B3-102DD4EC5B58,0x800,0x7D000)) ... match!
1:302  0:002  Custom settings: <null string>.plist will  be applied
1:302  0:000      Checking volume "SYSTEM" (PciRoot(0x0)\Pci(0x17,0x0)\Sata(0x2,0x0,0x0)\HD(1,GPT,8173D5BF-0913-45B0-95C4-89E3C477D9A3,0x800,0x32000)) ... match!
1:303  0:000  Custom settings: <null string>.plist will  be applied
1:303  0:000      Checking volume "WINPE" (PciRoot(0x0)\Pci(0x17,0x0)\Sata(0x2,0x0,0x0)\HD(4,GPT,9786708A-8C87-44F8-BDD6-6F82CAF04CB1,0x37D86000,0x100000)) ... skipped because path does not exist
1:312  0:009      Checking volume "Preboot" (PciRoot(0x0)\Pci(0x17,0x0)\Sata(0x1,0x0,0x0)\HD(5,GPT,58B85B03-8391-41D7-B998-671A0E7FFFA7,0x168BD800,0x7435A88)\VenMedia(BE74FCF7-0B7C-49F3-9147-01F4042E6842,6390DC9CEE287348ABD86C41C5227EC2)) ... skipped because volume is hidden
1:312  0:000      Checking volume "Macos" (PciRoot(0x0)\Pci(0x17,0x0)\Sata(0x1,0x0,0x0)\HD(5,GPT,58B85B03-8391-41D7-B998-671A0E7FFFA7,0x168BD800,0x7435A88)\VenMedia(BE74FCF7-0B7C-49F3-9147-01F4042E6842,F348739ACB33A8478F8CB1D30661E3D6)) ... skipped because path does not exist
1:312  0:000      Checking volume "Recovery" (PciRoot(0x0)\Pci(0x17,0x0)\Sata(0x1,0x0,0x0)\HD(5,GPT,58B85B03-8391-41D7-B998-671A0E7FFFA7,0x168BD800,0x7435A88)\VenMedia(BE74FCF7-0B7C-49F3-9147-01F4042E6842,33903EAF66ECD5418CDD475D266D4DE4)) ... skipped because path does not exist
1:312  0:000      Checking volume "VM" (PciRoot(0x0)\Pci(0x17,0x0)\Sata(0x1,0x0,0x0)\HD(5,GPT,58B85B03-8391-41D7-B998-671A0E7FFFA7,0x168BD800,0x7435A88)\VenMedia(BE74FCF7-0B7C-49F3-9147-01F4042E6842,0E914ACB87AE444DAAF0A18A53CDDEE9)) ... skipped because path does not exist
1:312  0:000  Custom entry 4 Title:"Recovery Image" Path:"\EFI\Microsoft\Boot\bootmgfw.efi" Options:"-s -h" Type:7 Flags:0x0 matching all volumes
1:312  0:000      Checking volume "EFI" (PciRoot(0x0)\Pci(0x17,0x0)\Sata(0x1,0x0,0x0)\HD(1,GPT,3A770083-E405-429B-81B3-102DD4EC5B58,0x800,0x7D000)) ... skipped because custom entry 3 is a better match and will produce a duplicate entry
1:312  0:000      Checking volume "SYSTEM" (PciRoot(0x0)\Pci(0x17,0x0)\Sata(0x2,0x0,0x0)\HD(1,GPT,8173D5BF-0913-45B0-95C4-89E3C477D9A3,0x800,0x32000)) ... skipped because custom entry 3 is a better match and will produce a duplicate entry
1:312  0:000      Checking volume "WINPE" (PciRoot(0x0)\Pci(0x17,0x0)\Sata(0x2,0x0,0x0)\HD(4,GPT,9786708A-8C87-44F8-BDD6-6F82CAF04CB1,0x37D86000,0x100000)) ... skipped because path does not exist
1:312  0:000      Checking volume "Preboot" (PciRoot(0x0)\Pci(0x17,0x0)\Sata(0x1,0x0,0x0)\HD(5,GPT,58B85B03-8391-41D7-B998-671A0E7FFFA7,0x168BD800,0x7435A88)\VenMedia(BE74FCF7-0B7C-49F3-9147-01F4042E6842,6390DC9CEE287348ABD86C41C5227EC2)) ... skipped because volume is hidden
1:312  0:000      Checking volume "Macos" (PciRoot(0x0)\Pci(0x17,0x0)\Sata(0x1,0x0,0x0)\HD(5,GPT,58B85B03-8391-41D7-B998-671A0E7FFFA7,0x168BD800,0x7435A88)\VenMedia(BE74FCF7-0B7C-49F3-9147-01F4042E6842,F348739ACB33A8478F8CB1D30661E3D6)) ... skipped because path does not exist
1:312  0:000      Checking volume "Recovery" (PciRoot(0x0)\Pci(0x17,0x0)\Sata(0x1,0x0,0x0)\HD(5,GPT,58B85B03-8391-41D7-B998-671A0E7FFFA7,0x168BD800,0x7435A88)\VenMedia(BE74FCF7-0B7C-49F3-9147-01F4042E6842,33903EAF66ECD5418CDD475D266D4DE4)) ... skipped because path does not exist
1:312  0:000      Checking volume "VM" (PciRoot(0x0)\Pci(0x17,0x0)\Sata(0x1,0x0,0x0)\HD(5,GPT,58B85B03-8391-41D7-B998-671A0E7FFFA7,0x168BD800,0x7435A88)\VenMedia(BE74FCF7-0B7C-49F3-9147-01F4042E6842,0E914ACB87AE444DAAF0A18A53CDDEE9)) ... skipped because path does not exist
1:312  0:000  === [ ScanLoader ] ========================================
1:312  0:000  - [02]: 'EFI'
1:313  0:000          AddLoaderEntry for Volume Name=EFI
1:313  0:000       skipped because path `PciRoot(0x0)\Pci(0x17,0x0)\Sata(0x1,0x0,0x0)\HD(1,GPT,3A770083-E405-429B-81B3-102DD4EC5B58,0x800,0x7D000)\EFI\microsoft\Boot\bootmgfw.efii` already exists for another entry!
1:322  0:008  - [07]: 'SYSTEM'
1:322  0:000          AddLoaderEntry for Volume Name=SYSTEM
1:322  0:000       skipped because path `PciRoot(0x0)\Pci(0x17,0x0)\Sata(0x2,0x0,0x0)\HD(1,GPT,8173D5BF-0913-45B0-95C4-89E3C477D9A3,0x800,0x32000)\EFI\microsoft\Boot\bootmgfw.efii` already exists for another entry!
1:330  0:007  - [10]: 'WINPE'
1:338  0:008  - [13]: 'Preboot', hidden
1:338  0:000  - [14]: 'Macos'
1:343  0:005          AddLoaderEntry for Volume Name=Macos
1:343  0:000      Not match custom entry 2: Type: not match
1:346  0:003      hibernated: set as never
1:356  0:009  - [15]: 'Recovery'
1:356  0:000          AddLoaderEntry for Volume Name=Recovery
1:356  0:000      Skipped because matching custom entry 2!
1:364  0:008  - [16]: 'VM'
1:372  0:008  === [ AddCustomTool ] =====================================
1:373  0:000  found tool \EFI\CLOVER\tools\Shell64U.efi
1:373  0:000  Checking EFI partition Volume 2 for Clover
1:373  0:000   Found Clover
1:374  0:000  === [ GetEfiBootDeviceFromNvram ] =========================
1:374  0:000   - efi-boot-device-data: PciRoot(0x0)\Pci(0x17,0x0)\Sata(0x1,0x0,0x0)\HD(5,GPT,58B85B03-8391-41D7-B998-671A0E7FFFA7,0x168BD800,0x7435A88)\VenMedia(BE74FCF7-0B7C-49F3-9147-01F4042E6842,F348739ACB33A8478F8CB1D30661E3D6)
1:374  0:000    - Volume: 'PciRoot(0x0)\Pci(0x17,0x0)\Sata(0x1,0x0,0x0)\HD(5,GPT,58B85B03-8391-41D7-B998-671A0E7FFFA7,0x168BD800,0x7435A88)\VenMedia(BE74FCF7-0B7C-49F3-9147-01F4042E6842,F348739ACB33A8478F8CB1D30661E3D6)'
1:374  0:000    - LoaderPath: '<null string>'
1:374  0:000    - Guid = 58B85B03-8391-41D7-B998-671A0E7FFFA7
1:374  0:000  === [ FindStartupDiskVolume ] =============================
1:374  0:000    - Volume: partition = PciRoot(0x0)\Pci(0x17,0x0)\Sata(0x1,0x0,0x0)\HD(5,GPT,58B85B03-8391-41D7-B998-671A0E7FFFA7,0x168BD800,0x7435A88)\VenMedia(BE74FCF7-0B7C-49F3-9147-01F4042E6842,F348739ACB33A8478F8CB1D30661E3D6)
1:374  0:000     - searching for that partition
1:374  0:000      - found entry 2. 'Boot macOS from Macos', Volume 'Macos'
1:374  0:000  Boot redirected to Entry 2. 'Boot macOS from Macos'
1:374  0:000  DefaultIndex=2 and MainMenu.EntryCount=9
1:439  0:065  GUI ready
6:155  4:716  BootVariable of the entry is empty
6:155  0:000  === [ StartLoader ] =======================================
6:155  0:000  Finally: ExternalClock=25MHz BusSpeed=100217kHz CPUFreq=2706MHz PIS: hw.busfrequency=100000000Hz
6:155  0:000  Loading boot.efi  status=Success
6:196  0:040  GetOSVersion: 10.13.4 (17E199)
6:196  0:000  CSR_CFG: CSR_ALLOW_UNTRUSTED_KEXTS | CSR_ALLOW_UNRESTRICTED_FS | CSR_ALLOW_TASK_FOR_PID | CSR_ALLOW_UNRESTRICTED_DTRACE | CSR_ALLOW_UNRESTRICTED_NVRAM
6:196  0:000  Filtering KextPatches:
6:196  0:000   - [00]: com.apple.driver.AppleUSBXHCI (Enable PCI power management if there is no such code in DSDT, 10.9.*, 10.10.* (credit Zenith432)) :: BinPatch :: [OS: 10.13.4 | MatchOS: All | MatchBuild: All] ==> allowed
6:196  0:000   - [01]: com.apple.iokit.IOAHCIBlockStorage (Enable TRIM for SSD) :: BinPatch :: [OS: 10.13.4 | MatchOS: All | MatchBuild: All] ==> allowed
6:196  0:000   - [02]: com.apple.driver.AppleIntelSKLGraphicsFramebuffer (0x19160000/etc, 32MB BIOS, 19MB framebuffer 9MB cursor bytes (credit RehabMan)) :: BinPatch :: [OS: 10.13.4 | MatchOS: All | MatchBuild: All] ==> allowed
6:196  0:000   - [03]: com.apple.driver.AppleIntelSKLGraphicsFramebuffer (HDMI Audio补丁) :: BinPatch :: [OS: 10.13.4 | MatchOS: All | MatchBuild: All] ==> allowed
6:196  0:000   - [04]: com.apple.driver.AppleIntelSKLGraphicsFramebuffer (1536MB->2048MB) :: BinPatch :: [OS: 10.13.4 | MatchOS: All | MatchBuild: All] ==> allowed
6:196  0:000   - [05]: com.apple.driver.AppleBacklight (change F%uT%04x to F%uTxxxx in AppleBacklightInjector.kext (credit RehabMan)) :: BinPatch :: [OS: 10.13.4 | MatchOS: All | MatchBuild: All] ==> disabled by user
6:196  0:000  Filtering KernelPatches:
6:196  0:000   - [00]: MSR 0xE2 _xcpm_idle instant reboot(c) Pike R. Alpha :: [OS: 10.13.4 | MatchOS: All | MatchBuild: no] ==> allowed by OS
6:196  0:000  Will not patch boot.efi
6:196  0:000  === [ PatchSmbios ] =======================================
6:196  0:000  insert table 9 for dev 0:0
6:197  0:000  Trusting SMBIOS...
6:197  0:000  Detected alternating SMBIOS channel banks
6:197  0:000  Channels: 2
6:197  0:000  Interleave: 0 2 1 3 4 6 5 7 8 10 9 11 12 14 13 15 16 18 17 19 20 22 21 23
6:197  0:000   partNum=HMA851S6AFR6N-UH    
6:197  0:000  SMBIOS Type 17 Index = 0 => 0 0:
6:197  0:000  BANK 0 DIMM0 2400MHz 4096MB
6:197  0:000   partNum=HMA851S6AFR6N-UH    
6:197  0:000  SMBIOS Type 17 Index = 1 => 1 2:
6:197  0:000  BANK 1 DIMM0 2400MHz 4096MB
6:197  0:000  mTotalSystemMemory = 8192
6:197  0:000  NumberOfMemoryDevices = 2
6:197  0:000  Type20[0]->End = 0x3FFFFF, Type17[0] = 0x1000
6:197  0:000  Type20[1]->End = 0x3FFFFF, Type17[1] = 0x3000
6:197  0:000  === [ PatchACPI ] =========================================
6:197  0:000  Xsdt reallocation done
6:197  0:000  old FADT length=10C
6:197  0:000   SignatureFixup: 0xFBA9CFDE -> 0x0
6:197  0:000  Apply DsdtFixMask=0x00000000
6:197  0:000     drop _DSM mask=0xFFFF
6:197  0:000  === [ FixBiosDsdt ] =======================================
6:197  0:000  VideoCard devID=0x59168086
6:197  0:000  DisplayADR1[0] = 0x20000, DisplayADR2[0] = 0xFFFE
6:197  0:000  USBADR[0] = 0x140000 and PCIe = 0xFFFE
6:198  0:001  Audio HDA (addr:0x1F0003) setting specified layout-id=13 (0xD)
6:198  0:000  Patching DSDT:
6:198  0:000   - [change XHCI to XHC]: pattern 58484349, patched at: [ (6741) ]
6:199  0:000   - [change H_EC to EC]: pattern 485F4543, patched at: [ (2C3) (6389) (10) ]
6:199  0:000   - [change EC0 to EC]: pattern 4543305F, patched at: [ (5F0) (16) (16) (2CA1) (20) (21) (21) (21) (BC) (18) (15) (15) (15) (15) (24) (18) (15) (15) (15) (15) (25) (18) (15) (15) (15) (15) (25) (18) (15) (15) (15) (15) (25) (18) (15) (15) (15) (15) (31) (18) (15) (15) (15) (15) (C8) (23) (42) (23) (1C) (779) (77) (29) (1D07) (98BD) (A91) (12C) (35) (6A) (1B) (1B) (14) (15) (15) (15) (15) (1B) (3E) (1B) (1B) (BF) (12E) (17) (20) (1E) (24) (19) (19) (19) (16) (1D) (E8) (17) (18) (19) (19) (16) (1D) (9D) (1D) (1D) (22) (36) (19) (657) (35) (61) (22) (19) (5040) (782) ]
6:199  0:000   - [change _DSM to XSDM]: pattern 5F44534D, patched at: [ (31AC) (22CE) (6B) (29) (72E) (113) (6) (73F) (503) (11) (53) (22) (22) (33) (14) (112) (379) (379) (379) (379) (379) (379) (379) (379) (359) (379) (379) (379) (379) (379) (379) (379) (379) (379) (379) (379) (379) (379) (379) (28B) (22E5) (D3) (D3) (D3) (D3) (D3) (BE) (BE) (CC) (104) (104) (2B2) (841) (14A) (9B) (34) ]
6:199  0:000   - [change OSID to IDOS]: pattern 4F534944, bin not found / already patched!
6:199  0:000   - [change _OSI to XOSI]: pattern 5F4F5349, patched at: [ (11CAC) (3) (11) (18) (1C) (1C) (1A) (18) (18) (18) (18) (2598) ]
6:199  0:000   - [change HDAS to HDEF]: pattern 48444153, patched at: [ (2D9) (12) (12) (4F27) (15CF) (84) (D) (2B) (32) (4F) (6F) (C3) (F69C) ]
6:199  0:000   - [change HECI to IMEI]: pattern 48454349, patched at: [ (F70E) ]
6:199  0:000   - [change SAT0 to SATA]: pattern 53415430, patched at: [ (312) (D) (D) (16) (BB1C) (30) ]
6:200  0:000   - [change MEI to IMEI]: pattern 4D45495F, bin not found / already patched!
6:200  0:000   - [change GFX0 to IGPU]: pattern 47465830, patched at: [ (51) (E) (12) (12) (12) (5E) (12) (12) (2B4) (1B2) (12) (2BDA) (CD76) (35A) (19) (F) (285B) (27) (19F2) (1981) (14) ]
6:200  0:000   - [change PCI0.VID to IGPU #1 (Thinkpad)]: pattern 50434930, bin not found / already patched!
6:200  0:000   - [change PCI0.VID to IGPU #2 (Thinkpad)]: pattern 5649445F, bin not found / already patched!
6:200  0:000   - [change Method(GPRW,2,N) to XPRW, pair with SSDT-PRW.aml]: pattern 47505257, patched at: [ (12204) ]
6:200  0:000  first CPU found at 13FF2 offset 13FF5
6:200  0:000  score candidate at 13FEE
6:200  0:000  score inserted in acpi_cpu_score _PR_
6:200  0:000  Found ACPI CPU: CPU0 | CPU1 | CPU2 | CPU3 | CPU4 | CPU5 | CPU6 | CPU7 , within the score: _PR_
6:201  0:000  Found PCIROOTUID = 0
6:201  0:000  PreCleanup XSDT: count=19, length=188
6:201  0:000  PreCleanup XSDT, corrected XSDT: count=19, length=188
6:201  0:000  === [ ACPIPatchedAML ] ====================================
6:201  0:000  AutoMerge pass 1
6:201  0:000  Unsorted
6:201  0:000  Inserting SSDT-XOSI.aml from EFI\CLOVER\ACPI\patched: ignore on pass 1
6:201  0:000  Inserting SSDT-UIAC.aml from EFI\CLOVER\ACPI\patched: ignore on pass 1
6:201  0:000  Inserting SSDT-SMBUS.aml from EFI\CLOVER\ACPI\patched: ignore on pass 1
6:201  0:000  Inserting SSDT-SATA.aml from EFI\CLOVER\ACPI\patched: ignore on pass 1
6:201  0:000  Inserting SSDT-PNLF.aml from EFI\CLOVER\ACPI\patched: ignore on pass 1
6:201  0:000  Inserting SSDT-PluginType1.aml from EFI\CLOVER\ACPI\patched: ignore on pass 1
6:201  0:000  Inserting SSDT-LPC.aml from EFI\CLOVER\ACPI\patched: ignore on pass 1
6:201  0:000  Inserting SSDT-IMEI.aml from EFI\CLOVER\ACPI\patched: ignore on pass 1
6:201  0:000  Inserting SSDT-GPRW.aml from EFI\CLOVER\ACPI\patched: ignore on pass 1
6:201  0:000  Inserting SSDT-DiscreteSpoof.aml from EFI\CLOVER\ACPI\patched: ignore on pass 1
6:201  0:000  Inserting SSDT-Disable_DGPU.aml from EFI\CLOVER\ACPI\patched: ignore on pass 1
6:201  0:000  Inserting SSDT-cpupm.aml from EFI\CLOVER\ACPI\patched: ignore on pass 1
6:201  0:000  Inserting SSDT-Config.aml from EFI\CLOVER\ACPI\patched: ignore on pass 1
6:201  0:000  Inserting SSDT-BATT.aml from EFI\CLOVER\ACPI\patched: ignore on pass 1
6:201  0:000  Inserting SSDT-ALS0.aml from EFI\CLOVER\ACPI\patched: ignore on pass 1
6:201  0:000  === [ ACPIDropTables ] ====================================
6:201  0:000  Drop tables from XSDT, SIGN=BGRT TableID=KBL-ULT  Length=56
6:201  0:000   Table[18]: BGRT  KBL-ULT   56 dropped
6:201  0:000  Drop tables from XSDT, SIGN=FPDT TableID=KBL-ULT  Length=68
6:201  0:000   Table[17]: FPDT  KBL-ULT   68 dropped
6:201  0:000  Drop tables from XSDT, SIGN=DMAR TableID=KBL-ULT  Length=240
6:201  0:000   Table[16]: DMAR  KBL-ULT   240 dropped
6:201  0:000  Drop tables from XSDT, SIGN=MCFG TableID=KBL-ULT  Length=60
6:201  0:000   Table[13]: MCFG  KBL-ULT   60 dropped
6:201  0:000  Drop tables from XSDT, SIGN=DBGP TableID=KBL-ULT  Length=52
6:201  0:000   Table[10]: DBGP  KBL-ULT   52 dropped
6:201  0:000  Drop tables from XSDT, SIGN=FACP TableID=KBL-ULT  Length=268
6:201  0:000  === [ PatchAllSSDT ] ======================================
6:201  0:000  Patch table: SSDT  KBL-ULT  len=0x8EB
6:201  0:000  0. [change XHCI to XHC]: pattern 58484349, bin not found / already patched!
6:201  0:000  1. [change H_EC to EC]: pattern 485F4543, bin not found / already patched!
6:201  0:000  2. [change EC0 to EC]: pattern 4543305F, patched at: [ (114) (7B7) ]
6:201  0:000  3. [change _DSM to XSDM]: pattern 5F44534D, bin not found / already patched!
6:201  0:000  4. [change OSID to IDOS]: pattern 4F534944, bin not found / already patched!
6:201  0:000  5. [change _OSI to XOSI]: pattern 5F4F5349, bin not found / already patched!
6:201  0:000  6. [change HDAS to HDEF]: pattern 48444153, bin not found / already patched!
6:201  0:000  7. [change HECI to IMEI]: pattern 48454349, bin not found / already patched!
6:201  0:000  8. [change SAT0 to SATA]: pattern 53415430, bin not found / already patched!
6:201  0:000  9. [change MEI to IMEI]: pattern 4D45495F, bin not found / already patched!
6:201  0:000  10. [change GFX0 to IGPU]: pattern 47465830, bin not found / already patched!
6:201  0:000  11. [change PCI0.VID to IGPU #1 (Thinkpad)]: pattern 50434930, bin not found / already patched!
6:201  0:000  12. [change PCI0.VID to IGPU #2 (Thinkpad)]: pattern 5649445F, bin not found / already patched!
6:201  0:000  13. [change Method(GPRW,2,N) to XPRW, pair with SSDT-PRW.aml]: pattern 47505257, bin not found / already patched!
6:201  0:000  Patch table: SSDT  KBL-ULT  len=0x3113
6:201  0:000  0. [change XHCI to XHC]: pattern 58484349, bin not found / already patched!
6:201  0:000  1. [change H_EC to EC]: pattern 485F4543, bin not found / already patched!
6:201  0:000  2. [change EC0 to EC]: pattern 4543305F, bin not found / already patched!
6:201  0:000  3. [change _DSM to XSDM]: pattern 5F44534D, patched at: [ (2C01) ]
6:201  0:000  4. [change OSID to IDOS]: pattern 4F534944, bin not found / already patched!
6:201  0:000  5. [change _OSI to XOSI]: pattern 5F4F5349, bin not found / already patched!
6:201  0:000  6. [change HDAS to HDEF]: pattern 48444153, bin not found / already patched!
6:201  0:000  7. [change HECI to IMEI]: pattern 48454349, bin not found / already patched!
6:201  0:000  8. [change SAT0 to SATA]: pattern 53415430, bin not found / already patched!
6:201  0:000  9. [change MEI to IMEI]: pattern 4D45495F, bin not found / already patched!
6:201  0:000  10. [change GFX0 to IGPU]: pattern 47465830, patched at: [ (2D) (20) (46) (25A) (1C8A) (A3A) (1D) (6EC) ]
6:201  0:000  11. [change PCI0.VID to IGPU #1 (Thinkpad)]: pattern 50434930, bin not found / already patched!
6:201  0:000  12. [change PCI0.VID to IGPU #2 (Thinkpad)]: pattern 5649445F, bin not found / already patched!
6:201  0:000  13. [change Method(GPRW,2,N) to XPRW, pair with SSDT-PRW.aml]: pattern 47505257, bin not found / already patched!
6:201  0:000  Patch table: SSDT  KBL-ULT  len=0xBD9A
6:201  0:000  0. [change XHCI to XHC]: pattern 58484349, bin not found / already patched!
6:201  0:000  1. [change H_EC to EC]: pattern 485F4543, bin not found / already patched!
6:201  0:000  2. [change EC0 to EC]: pattern 4543305F, patched at: [ (97D) (16) (16) (12) (1E) (16) (16) (12) (1E) (16) (16) (12) (1E) (16) (25A2) (AB) (2B) (26D) (AB) (2B) (26D) (AB) (2B) ]
6:201  0:000  3. [change _DSM to XSDM]: pattern 5F44534D, bin not found / already patched!
6:201  0:000  4. [change OSID to IDOS]: pattern 4F534944, bin not found / already patched!
6:201  0:000  5. [change _OSI to XOSI]: pattern 5F4F5349, bin not found / already patched!
6:201  0:000  6. [change HDAS to HDEF]: pattern 48444153, bin not found / already patched!
6:201  0:000  7. [change HECI to IMEI]: pattern 48454349, bin not found / already patched!
6:202  0:000  8. [change SAT0 to SATA]: pattern 53415430, bin not found / already patched!
6:202  0:000  9. [change MEI to IMEI]: pattern 4D45495F, bin not found / already patched!
6:202  0:000  10. [change GFX0 to IGPU]: pattern 47465830, bin not found / already patched!
6:202  0:000  11. [change PCI0.VID to IGPU #1 (Thinkpad)]: pattern 50434930, bin not found / already patched!
6:202  0:000  12. [change PCI0.VID to IGPU #2 (Thinkpad)]: pattern 5649445F, bin not found / already patched!
6:202  0:000  13. [change Method(GPRW,2,N) to XPRW, pair with SSDT-PRW.aml]: pattern 47505257, bin not found / already patched!
6:202  0:000  Patch table: SSDT  KBL-ULT  len=0xEDE
6:202  0:000  0. [change XHCI to XHC]: pattern 58484349, bin not found / already patched!
6:202  0:000  1. [change H_EC to EC]: pattern 485F4543, bin not found / already patched!
6:202  0:000  2. [change EC0 to EC]: pattern 4543305F, bin not found / already patched!
6:202  0:000  3. [change _DSM to XSDM]: pattern 5F44534D, bin not found / already patched!
6:202  0:000  4. [change OSID to IDOS]: pattern 4F534944, bin not found / already patched!
6:202  0:000  5. [change _OSI to XOSI]: pattern 5F4F5349, bin not found / already patched!
6:202  0:000  6. [change HDAS to HDEF]: pattern 48444153, bin not found / already patched!
6:202  0:000  7. [change HECI to IMEI]: pattern 48454349, bin not found / already patched!
6:202  0:000  8. [change SAT0 to SATA]: pattern 53415430, bin not found / already patched!
6:202  0:000  9. [change MEI to IMEI]: pattern 4D45495F, bin not found / already patched!
6:202  0:000  10. [change GFX0 to IGPU]: pattern 47465830, bin not found / already patched!
6:202  0:000  11. [change PCI0.VID to IGPU #1 (Thinkpad)]: pattern 50434930, bin not found / already patched!
6:202  0:000  12. [change PCI0.VID to IGPU #2 (Thinkpad)]: pattern 5649445F, bin not found / already patched!
6:202  0:000  13. [change Method(GPRW,2,N) to XPRW, pair with SSDT-PRW.aml]: pattern 47505257, bin not found / already patched!
6:202  0:000  Patch table: SSDT  KBL-ULT  len=0x3693
6:202  0:000  0. [change XHCI to XHC]: pattern 58484349, bin not found / already patched!
6:202  0:000  1. [change H_EC to EC]: pattern 485F4543, bin not found / already patched!
6:202  0:000  2. [change EC0 to EC]: pattern 4543305F, patched at: [ (2F5) (16) (16) (2E) (16) (16) (16) (382) (10D) (8C9) (7A3) (16) (17) (134) ]
6:202  0:000  3. [change _DSM to XSDM]: pattern 5F44534D, patched at: [ (359E) ]
6:202  0:000  4. [change OSID to IDOS]: pattern 4F534944, bin not found / already patched!
6:202  0:000  5. [change _OSI to XOSI]: pattern 5F4F5349, bin not found / already patched!
6:202  0:000  6. [change HDAS to HDEF]: pattern 48444153, bin not found / already patched!
6:202  0:000  7. [change HECI to IMEI]: pattern 48454349, bin not found / already patched!
6:202  0:000  8. [change SAT0 to SATA]: pattern 53415430, bin not found / already patched!
6:202  0:000  9. [change MEI to IMEI]: pattern 4D45495F, bin not found / already patched!
6:202  0:000  10. [change GFX0 to IGPU]: pattern 47465830, patched at: [ (55) (28) (12) (12) (12) (12) (12) (12) (12) (12) (12) (12) (12) (12) (12) (12) (12) (12) (9C1) (61B) (E1B) (13) (28) (27) (13) (28) (27) (13) (28) (27) (13) (28) (27) (13) (28) (27) (13) (28) (27) (13) (28) (27) (13) (28) (27) (13) (28) (27) (13) (28) (27) (13) (28) (27) (13) (28) (27) (13) (28) (27) (13) (28) (27) (13) (28) (27) (13) (28) ]
6:202  0:000  11. [change PCI0.VID to IGPU #1 (Thinkpad)]: pattern 50434930, bin not found / already patched!
6:202  0:000  12. [change PCI0.VID to IGPU #2 (Thinkpad)]: pattern 5649445F, bin not found / already patched!
6:202  0:000  13. [change Method(GPRW,2,N) to XPRW, pair with SSDT-PRW.aml]: pattern 47505257, bin not found / already patched!
6:202  0:000  === [ ACPIPatchedAML ] ====================================
6:202  0:000  AutoMerge pass 2
6:202  0:000  Unsorted
6:202  0:000  Inserting SSDT-XOSI.aml from EFI\CLOVER\ACPI\patched: size=178 ... Success
6:203  0:000  Inserting SSDT-UIAC.aml from EFI\CLOVER\ACPI\patched: size=533 ... Success
6:203  0:000  Inserting SSDT-SMBUS.aml from EFI\CLOVER\ACPI\patched: size=138 ... Success
6:203  0:000  Inserting SSDT-SATA.aml from EFI\CLOVER\ACPI\patched: size=295 ... Success
6:203  0:000  Inserting SSDT-PNLF.aml from EFI\CLOVER\ACPI\patched: size=671 ... Success
6:203  0:000  Inserting SSDT-PluginType1.aml from EFI\CLOVER\ACPI\patched: size=97 ... Success
6:203  0:000  Inserting SSDT-LPC.aml from EFI\CLOVER\ACPI\patched: size=390 ... Success
6:203  0:000  Inserting SSDT-IMEI.aml from EFI\CLOVER\ACPI\patched: size=278 ... Success
6:203  0:000  Inserting SSDT-GPRW.aml from EFI\CLOVER\ACPI\patched: size=87 ... Success
6:203  0:000  Inserting SSDT-DiscreteSpoof.aml from EFI\CLOVER\ACPI\patched: size=132 ... Success
6:203  0:000  Inserting SSDT-Disable_DGPU.aml from EFI\CLOVER\ACPI\patched: size=146 ... Success
6:203  0:000  Inserting SSDT-cpupm.aml from EFI\CLOVER\ACPI\patched: size=3875 ... Success
6:203  0:000  Inserting SSDT-Config.aml from EFI\CLOVER\ACPI\patched: size=893 ... Success
6:203  0:000  Inserting SSDT-BATT.aml from EFI\CLOVER\ACPI\patched: size=3240 ... Success
6:203  0:000  Inserting SSDT-ALS0.aml from EFI\CLOVER\ACPI\patched: size=101 ... Success
6:203  0:000  CPUBase=0 and ApicCPUBase=1 ApicCPUNum=8
6:203  0:000  Maximum control=0x1B
6:203  0:000  Turbo control=0x1F
6:203  0:000  P-States: min 0x4, max 0x1F
6:203  0:000  SSDT with plugin-type without P-States is generated
6:203  0:000  Cleanup XSDT: count=35, length=316
6:203  0:000  corrected XSDT count=30, length=276
6:203  0:000  === [ RestSetup macOS ] ===================================
6:203  0:000  EdidDiscovered size=128
6:203  0:000  --- Discovered EDID Table size:128
6:203  0:000  000  |  00  FF  FF  FF  FF  FF  FF  00  09  E5
6:203  0:000  010  |  0C  07  00  00  00  00  01  1A  01  04
6:203  0:000  020  |  95  22  13  78  02  C9  A0  95  5D  59
6:203  0:000  030  |  94  29  24  50  54  00  00  00  01  01
6:203  0:000  040  |  01  01  01  01  01  01  01  01  01  01
6:203  0:000  050  |  01  01  01  01  9C  3B  80  36  71  38
6:203  0:000  060  |  3C  40  30  20  36  00  58  C2  10  00
6:203  0:000  070  |  00  1A  FD  2D  80  0E  71  38  28  40
6:203  0:000  080  |  30  20  36  00  58  C2  10  00  00  1A
6:203  0:000  090  |  00  00  00  FE  00  42  4F  45  20  43
6:203  0:000  100  |  51  0A  20  20  20  20  20  20  00  00
6:203  0:000  110  |  00  FE  00  54  56  31  35  36  46  48
6:203  0:000  120  |  4D  2D  4E  48  30  0A  00  DB
6:203  0:000  Intel HD Graphics 620 [8086:5916] :: PciRoot(0x0)\Pci(0x2,0x0)
6:203  0:000    Found Full HD Display - 16:9 :: Width=1920 Height=1080
6:203  0:000    Beginning DualLink auto-detection
6:203  0:000    High Resolution Display
6:203  0:000    AAPL00,DualLink = 1
6:203  0:000    FakeID Intel GFX = 0x19168086
6:203  0:000    ig-platform-id = 0x19160000
6:203  0:000  Intel GFX revision  = 0x2
6:203  0:000   RCBA disabled; cannot use it
6:203  0:000   setting specified layout-id=13 (0xD)
6:203  0:000  stringlength = 2878
6:204  0:000  CurrentMode: Width=1920 Height=1080
6:204  0:000  Beginning FSInjection
FSInjectionInstall ...
- Our FSI_SIMPLE_FILE_SYSTEM_PROTOCOL installed on handle: 6EAD4198
FSInjectionInstall ...
- Our FSI_SIMPLE_FILE_SYSTEM_PROTOCOL installed on handle: 6EAD4198
6:207  0:002  Use origin smbios table type 1 guid.
6:207  0:000    Force kext: System\Library\Extensions\IONetworkingFamily.kext
6:223  0:015      Force PlugIn kext: System\Library\Extensions\IONetworkingFamily.kext\Contents\PlugIns\nvenet.kext
6:235  0:011      Force PlugIn kext: System\Library\Extensions\IONetworkingFamily.kext\Contents\PlugIns\AppleEthernetAquantiaAqtion.kext
6:251  0:016      Force PlugIn kext: System\Library\Extensions\IONetworkingFamily.kext\Contents\PlugIns\AppleBCM5701Ethernet.kext
6:269  0:018      Force PlugIn kext: System\Library\Extensions\IONetworkingFamily.kext\Contents\PlugIns\AppleIntelI210Ethernet.kext
6:281  0:012      Force PlugIn kext: System\Library\Extensions\IONetworkingFamily.kext\Contents\PlugIns\Intel82574L.kext
6:295  0:013      Force PlugIn kext: System\Library\Extensions\IONetworkingFamily.kext\Contents\PlugIns\IOEthernetAVBController.kext
6:303  0:007      Force PlugIn kext: System\Library\Extensions\IONetworkingFamily.kext\Contents\PlugIns\AppleYukon2.kext
6:344  0:041      Force PlugIn kext: System\Library\Extensions\IONetworkingFamily.kext\Contents\PlugIns\AppleEthernetAquantiaAqtionFirmware.kext
6:357  0:012      Force PlugIn kext: System\Library\Extensions\IONetworkingFamily.kext\Contents\PlugIns\AppleIntel8254XEthernet.kext
6:368  0:011      Force PlugIn kext: System\Library\Extensions\IONetworkingFamily.kext\Contents\PlugIns\AppleVmxnet3Ethernet.kext
6:378  0:010      Force PlugIn kext: System\Library\Extensions\IONetworkingFamily.kext\Contents\PlugIns\mDNSOffloadUserClient.kext
6:387  0:008  Preparing kexts injection for arch=x86_64 from EFI\CLOVER\kexts\Other
6:387  0:000  Extra kext: EFI\CLOVER\kexts\Other\CPUFriendDataProvider.kext (v.1.0.0)
6:393  0:006  Extra kext: EFI\CLOVER\kexts\Other\Shiki.kext (v.2.2.7)
6:405  0:012  Extra kext: EFI\CLOVER\kexts\Other\VoodooPS2Controller.kext (v.1.8.28)
6:419  0:013    |-- PlugIn kext: EFI\CLOVER\kexts\Other\VoodooPS2Controller.kext\Contents\PlugIns\VoodooPS2Trackpad.kext (v.1.8.28)
6:441  0:022    |-- PlugIn kext: EFI\CLOVER\kexts\Other\VoodooPS2Controller.kext\Contents\PlugIns\VoodooPS2Mouse.kext (v.1.8.28)
6:453  0:011    |-- PlugIn kext: EFI\CLOVER\kexts\Other\VoodooPS2Controller.kext\Contents\PlugIns\VoodooPS2Keyboard.kext (v.1.8.28)
6:484  0:031  Extra kext: EFI\CLOVER\kexts\Other\VoodooI2CHID.kext (v.1)
6:504  0:019  Extra kext: EFI\CLOVER\kexts\Other\VoodooI2C.kext (v.2.0.1)
6:518  0:013    |-- PlugIn kext: EFI\CLOVER\kexts\Other\VoodooI2C.kext\Contents\PlugIns\VoodooI2CServices.kext (v.1)
6:527  0:009    |-- PlugIn kext: EFI\CLOVER\kexts\Other\VoodooI2C.kext\Contents\PlugIns\VoodooGPIO.kext (v.1.1)
6:537  0:009  Extra kext: EFI\CLOVER\kexts\Other\USB_Injector.kext (v.1.0)
6:545  0:008  Extra kext: EFI\CLOVER\kexts\Other\SATA-100-series-unsupported.kext (v.0.5.1)
6:550  0:004  Extra kext: EFI\CLOVER\kexts\Other\Lilu.kext (v.1.2.3)
6:560  0:010  Extra kext: EFI\CLOVER\kexts\Other\IntelGraphicsFixup.kext (v.1.2.0)
6:571  0:010  Extra kext: EFI\CLOVER\kexts\Other\IntelGraphicsDVMTFixup.kext (v.1.2.0)
6:582  0:010  Extra kext: EFI\CLOVER\kexts\Other\HackrNVMeFamilyInjector.kext (v.0.1.0)
6:587  0:004  Extra kext: EFI\CLOVER\kexts\Other\FakeSMC.kext (v.3.5.0)
6:603  0:015  Extra kext: EFI\CLOVER\kexts\Other\FakePCIID_Intel_HD_Graphics.kext (v.1.3.9)
6:618  0:015  Extra kext: EFI\CLOVER\kexts\Other\FakePCIID_Intel_HDMI_Audio.kext (v.1.3.9)
6:633  0:015  Extra kext: EFI\CLOVER\kexts\Other\FakePCIID_Broadcom_WiFi.kext (v.1.3.9)
6:643  0:010  Extra kext: EFI\CLOVER\kexts\Other\FakePCIID.kext (v.1.3.9)
6:652  0:008  Extra kext: EFI\CLOVER\kexts\Other\CPUFriend.kext (v.1.1.3)
6:666  0:014  Extra kext: EFI\CLOVER\kexts\Other\HWPEnabler.kext (v.1.1)
6:677  0:010  Extra kext: EFI\CLOVER\kexts\Other\CodecCommander.kext (v.2.5.2)
6:708  0:030  Extra kext: EFI\CLOVER\kexts\Other\BrcmPatchRAM2.kext (v.2.2.7)
6:871  0:163  Extra kext: EFI\CLOVER\kexts\Other\BrcmFirmwareData.kext (v.2.2.7)
6:887  0:015  Extra kext: EFI\CLOVER\kexts\Other\AppleALC.kext (v.1.2.7)
7:507  0:620  Extra kext: EFI\CLOVER\kexts\Other\ACPIBatteryManager.kext (v.1.81.4)
7:526  0:019  Preparing kexts injection for arch=x86_64 from EFI\CLOVER\kexts\10.13
7:530  0:003  SetStartupDiskVolume:
7:530  0:000    * Volume: 'Macos'
7:530  0:000    * LoaderPath: '<null string>'
7:530  0:000    * DevPath: Macos
7:530  0:000    * GUID = 58B85B03-8391-41D7-B998-671A0E7FFFA7
7:530  0:000    * efi-boot-device: <array><dict><key>IOMatch</key><dict><key>IOProviderClass</key><string>IOMedia</string><key>IOPropertyMatch</key><dict><key>UUID</key><string>58B85B03-8391-41D7-B998-671A0E7FFFA7</string></dict></dict></dict></array>
7:530  0:000  SetScreenResolution: 1920x1080 - already set
7:530  0:000  Custom boot is disabled
7:532  0:001  Closing log
